========== fold: 1 training ==========
========== fold: 1 training ==========
========== fold: 1 training ==========
========== fold: 1 training ==========
========== fold: 1 training ==========
Epoch 1 - avg_train_loss: 4.4281  avg_val_loss: 0.1519  time: 1426s
Epoch 1 - Score: 0.9329  Scores: [0.9154 0.9271 0.9904 0.8581 0.9222 0.9804 0.9803 0.9115 0.8677 0.9095
 0.9994]
Epoch 1 - Save Best Score: 0.9329 Model
Epoch 1 - Save Best Loss: 0.1519 Model
========== fold: 1 training ==========
Epoch 1 - avg_train_loss: 4.3842  avg_val_loss: 0.1572  time: 1468s
Epoch 1 - Score: 0.9289  Scores: [0.9288 0.9084 0.9895 0.8798 0.9065 0.9695 0.9731 0.8961 0.8627 0.9041
 0.9996]
Epoch 1 - Save Best Score: 0.9289 Model
Epoch 1 - Save Best Loss: 0.1572 Model
========== fold: 1 training ==========
========== fold: 1 training ==========
Epoch 1 - avg_train_loss: 4.3842  avg_val_loss: 0.1572  time: 1472s
Epoch 1 - Score: 0.9289  Scores: [0.9288 0.9084 0.9895 0.8798 0.9065 0.9695 0.9731 0.8961 0.8627 0.9041
 0.9996]
Epoch 1 - Save Best Score: 0.9289 Model
Epoch 1 - Save Best Loss: 0.1572 Model
Epoch 2 - avg_train_loss: 3.5486  avg_val_loss: 0.1468  time: 1477s
Epoch 2 - Score: 0.9249  Scores: [0.8208 0.917  0.9859 0.9112 0.9316 0.9643 0.9823 0.9019 0.8591 0.9006
 0.9991]
Epoch 2 - Save Best Loss: 0.1468 Model
Epoch 3 - avg_train_loss: 3.3216  avg_val_loss: 0.1423  time: 1480s
Epoch 3 - Score: 0.9350  Scores: [0.8774 0.927  0.9905 0.915  0.9388 0.9787 0.9825 0.912  0.8595 0.9046
 0.9986]
Epoch 3 - Save Best Score: 0.9350 Model
Epoch 3 - Save Best Loss: 0.1423 Model
Epoch 4 - avg_train_loss: 3.2245  avg_val_loss: 0.1425  time: 1481s
Epoch 4 - Score: 0.9310  Scores: [0.8895 0.8873 0.9905 0.9173 0.9099 0.9658 0.9803 0.9147 0.877  0.9094
 0.9996]
Epoch 5 - avg_train_loss: 3.1717  avg_val_loss: 0.1377  time: 1481s
Epoch 5 - Score: 0.9407  Scores: [0.9038 0.9272 0.9904 0.9195 0.9468 0.9796 0.9819 0.9201 0.8713 0.9077
 0.9997]
Epoch 5 - Save Best Score: 0.9407 Model
Epoch 5 - Save Best Loss: 0.1377 Model
========== fold: 1 result ==========
Score: 0.9407  Scores: [0.9038 0.9272 0.9904 0.9195 0.9468 0.9796 0.9819 0.9201 0.8713 0.9077
 0.9997]
========== CV ==========
Score: 0.9407  Scores: [0.9038 0.9272 0.9904 0.9195 0.9468 0.9796 0.9819 0.9201 0.8713 0.9077
 0.9997]
