========== fold: 0 training ==========
========== fold: 0 training ==========
Epoch 1 - avg_train_loss: 1.1230  avg_val_loss: 0.1364  time: 1357s
Epoch 1 - Score: 0.9313  Scores: [0.8178 0.9254 0.9898 0.9266 0.9363 0.9559 0.9769 0.9046 0.8696 0.9416
 0.9999]
Epoch 1 - Save Best Score: 0.9313 Model
Epoch 1 - Save Best Loss: 0.1364 Model
Epoch 2 - avg_train_loss: 0.8916  avg_val_loss: 0.1391  time: 1369s
Epoch 2 - Score: 0.9370  Scores: [0.989  0.911  0.991  0.8979 0.8999 0.9429 0.9476 0.9149 0.8714 0.9412
 0.9999]
Epoch 2 - Save Best Score: 0.9370 Model
Epoch 3 - avg_train_loss: 0.8017  avg_val_loss: 0.1639  time: 1369s
Epoch 3 - Score: 0.8602  Scores: [0.9472 0.9729 0.9793 0.8236 0.9359 0.9859 0.992  0.9122 0.8744 0.9331
 0.1052]
Epoch 4 - avg_train_loss: 0.7626  avg_val_loss: 0.1377  time: 1370s
Epoch 4 - Score: 0.9483  Scores: [0.9514 0.9779 0.9895 0.878  0.934  0.9864 0.9872 0.9049 0.9015 0.9348
 0.9861]
Epoch 4 - Save Best Score: 0.9483 Model
Epoch 5 - avg_train_loss: 0.7458  avg_val_loss: 0.1250  time: 1374s
Epoch 5 - Score: 0.9545  Scores: [0.9755 0.9785 0.983  0.9006 0.9476 0.9786 0.9907 0.9051 0.9007 0.9395
 0.9999]
Epoch 5 - Save Best Score: 0.9545 Model
Epoch 5 - Save Best Loss: 0.1250 Model
========== fold: 0 result ==========
Score: 0.9545  Scores: [0.9755 0.9785 0.983  0.9006 0.9476 0.9786 0.9907 0.9051 0.9007 0.9395
 0.9999]
========== CV ==========
Score: 0.9545  Scores: [0.9755 0.9785 0.983  0.9006 0.9476 0.9786 0.9907 0.9051 0.9007 0.9395
 0.9999]
