========== fold: 1 training ==========
Epoch 1 - avg_train_loss: 1.7517  avg_val_loss: 0.1366  time: 1640s
Epoch 1 - Score: 0.9534  Scores: [0.9772 0.9639 0.9912 0.9386 0.928  0.9805 0.9854 0.9313 0.8754 0.9176
 0.998 ]
Epoch 1 - Save Best Score: 0.9534 Model
Epoch 1 - Save Best Loss: 0.1366 Model
Epoch 2 - avg_train_loss: 1.5917  avg_val_loss: 0.1382  time: 1819s
Epoch 2 - Score: 0.9510  Scores: [0.9758 0.9551 0.9889 0.9344 0.9319 0.9799 0.9855 0.9254 0.8729 0.9154
 0.996 ]
Epoch 3 - avg_train_loss: 1.5415  avg_val_loss: 0.1377  time: 1939s
Epoch 3 - Score: 0.9513  Scores: [0.9773 0.9541 0.9895 0.9299 0.9389 0.9813 0.986  0.9292 0.8686 0.9113
 0.998 ]
Epoch 4 - avg_train_loss: 1.5243  avg_val_loss: 0.1379  time: 1812s
Epoch 4 - Score: 0.9523  Scores: [0.9767 0.9532 0.9899 0.9315 0.9424 0.9806 0.9855 0.9318 0.8726 0.9122
 0.9987]
Epoch 5 - avg_train_loss: 1.5182  avg_val_loss: 0.1384  time: 1639s
Epoch 5 - Score: 0.9517  Scores: [0.9768 0.9581 0.9897 0.9313 0.9394 0.9807 0.9856 0.9294 0.8702 0.9124
 0.9953]
========== fold: 1 result ==========
Score: 0.9534  Scores: [0.9772 0.9639 0.9912 0.9386 0.928  0.9805 0.9854 0.9313 0.8754 0.9176
 0.998 ]
========== CV ==========
Score: 0.9534  Scores: [0.9772 0.9639 0.9912 0.9386 0.928  0.9805 0.9854 0.9313 0.8754 0.9176
 0.998 ]
