========== fold: 0 training ==========
Epoch 1 - avg_train_loss: 0.1209  avg_val_loss: 0.1151  time: 3320s
Epoch 1 - Score: 0.9669  Scores: [0.9819 0.9778 0.995  0.9376 0.9647 0.9896 0.9928 0.9478 0.9038 0.9455
 0.9996]
Epoch 1 - Save Best Score: 0.9669 Model
Epoch 1 - Save Best Loss: 0.1151 Model
Epoch 2 - avg_train_loss: 0.1168  avg_val_loss: 0.1158  time: 3339s
Epoch 2 - Score: 0.9665  Scores: [0.9823 0.977  0.9948 0.9386 0.9633 0.99   0.9929 0.9472 0.903  0.9434
 0.9997]
Epoch 3 - avg_train_loss: 0.1130  avg_val_loss: 0.1125  time: 3345s
Epoch 3 - Score: 0.9673  Scores: [0.9813 0.9774 0.9948 0.9407 0.9649 0.9901 0.9929 0.9481 0.9043 0.9464
 0.9996]
Epoch 3 - Save Best Score: 0.9673 Model
Epoch 3 - Save Best Loss: 0.1125 Model
Epoch 4 - avg_train_loss: 0.1086  avg_val_loss: 0.1109  time: 3349s
Epoch 4 - Score: 0.9677  Scores: [0.9814 0.9779 0.9947 0.9429 0.9654 0.9902 0.9929 0.9479 0.9055 0.9466
 0.9996]
Epoch 4 - Save Best Score: 0.9677 Model
Epoch 4 - Save Best Loss: 0.1109 Model
Epoch 5 - avg_train_loss: 0.1056  avg_val_loss: 0.1109  time: 3353s
Epoch 5 - Score: 0.9672  Scores: [0.9811 0.9777 0.9947 0.9394 0.9641 0.9901 0.9927 0.949  0.9048 0.9464
 0.9995]
Epoch 5 - Save Best Loss: 0.1109 Model
========== fold: 0 result ==========
Score: 0.9677  Scores: [0.9814 0.9779 0.9947 0.9429 0.9654 0.9902 0.9929 0.9479 0.9055 0.9466
 0.9996]
========== CV ==========
Score: 0.9677  Scores: [0.9814 0.9779 0.9947 0.9429 0.9654 0.9902 0.9929 0.9479 0.9055 0.9466
 0.9996]
