========== fold: 0 training ==========
Epoch 1 - avg_train_loss: 0.1394  avg_val_loss: 0.1191  time: 3754s
Epoch 1 - Score: 0.9564  Scores: [0.9743 0.9704 0.9939 0.9086 0.9572 0.9859 0.9885 0.9265 0.8864 0.9292
 0.9997]
Epoch 1 - Save Best Score: 0.9564 Model
Epoch 1 - Save Best Loss: 0.1191 Model
========== fold: 0 training ==========
Epoch 1 - avg_train_loss: 0.1409  avg_val_loss: 0.1194  time: 3779s
Epoch 1 - Score: 0.9569  Scores: [0.9776 0.9694 0.9936 0.9112 0.9568 0.9864 0.9889 0.9249 0.8871 0.9306
 0.9998]
Epoch 1 - Save Best Score: 0.9569 Model
Epoch 1 - Save Best Loss: 0.1194 Model
Epoch 2 - avg_train_loss: 0.1352  avg_val_loss: 0.1165  time: 3840s
Epoch 2 - Score: 0.9600  Scores: [0.9864 0.9715 0.994  0.927  0.9596 0.987  0.9885 0.9315 0.8863 0.9281
 0.9997]
Epoch 2 - Save Best Score: 0.9600 Model
Epoch 2 - Save Best Loss: 0.1165 Model
Epoch 3 - avg_train_loss: 0.1291  avg_val_loss: 0.1181  time: 3848s
Epoch 3 - Score: 0.9587  Scores: [0.9823 0.9684 0.994  0.9129 0.9611 0.9868 0.9889 0.9302 0.8902 0.931
 0.9997]
Epoch 4 - avg_train_loss: 0.1238  avg_val_loss: 0.1166  time: 3842s
Epoch 4 - Score: 0.9631  Scores: [0.9882 0.9722 0.9942 0.943  0.9643 0.987  0.9892 0.9379 0.8884 0.9305
 0.9997]
Epoch 4 - Save Best Score: 0.9631 Model
Epoch 5 - avg_train_loss: 0.1213  avg_val_loss: 0.1174  time: 3888s
Epoch 5 - Score: 0.9638  Scores: [0.9865 0.9713 0.9947 0.9488 0.9662 0.9873 0.9893 0.9348 0.8914 0.9316
 0.9997]
Epoch 5 - Save Best Score: 0.9638 Model
========== fold: 0 result ==========
Score: 0.9638  Scores: [0.9865 0.9713 0.9947 0.9488 0.9662 0.9873 0.9893 0.9348 0.8914 0.9316
 0.9997]
========== CV ==========
Score: 0.9638  Scores: [0.9865 0.9713 0.9947 0.9488 0.9662 0.9873 0.9893 0.9348 0.8914 0.9316
 0.9997]
