========== fold: 0 training ==========
Epoch 1 - avg_train_loss: 0.1185  avg_val_loss: 0.1103  time: 3710s
Epoch 1 - Score: 0.9689  Scores: [0.9818 0.9799 0.9956 0.9375 0.9659 0.9901 0.9931 0.9528 0.9116 0.9503
 0.9997]
Epoch 1 - Save Best Score: 0.9689 Model
Epoch 1 - Save Best Loss: 0.1103 Model
Epoch 2 - avg_train_loss: 0.1137  avg_val_loss: 0.1092  time: 4772s
Epoch 2 - Score: 0.9688  Scores: [0.9813 0.9794 0.9955 0.9363 0.9648 0.9907 0.9936 0.9538 0.912  0.9493
 0.9998]
Epoch 2 - Save Best Loss: 0.1092 Model
Epoch 3 - avg_train_loss: 0.1100  avg_val_loss: 0.1075  time: 8150s
Epoch 3 - Score: 0.9694  Scores: [0.9809 0.9805 0.9955 0.9398 0.9667 0.9906 0.9934 0.9531 0.9122 0.9511
 0.9998]
Epoch 3 - Save Best Score: 0.9694 Model
Epoch 3 - Save Best Loss: 0.1075 Model
Epoch 4 - avg_train_loss: 0.1051  avg_val_loss: 0.1055  time: 6285s
Epoch 4 - Score: 0.9697  Scores: [0.9811 0.9808 0.9954 0.9415 0.9669 0.9908 0.9934 0.953  0.9133 0.9511
 0.9997]
Epoch 4 - Save Best Score: 0.9697 Model
Epoch 4 - Save Best Loss: 0.1055 Model
Epoch 5 - avg_train_loss: 0.1019  avg_val_loss: 0.1056  time: 3515s
Epoch 5 - Score: 0.9694  Scores: [0.9813 0.9805 0.9955 0.938  0.965  0.9906 0.9932 0.9545 0.9129 0.9516
 0.9997]
========== fold: 0 result ==========
Score: 0.9697  Scores: [0.9811 0.9808 0.9954 0.9415 0.9669 0.9908 0.9934 0.953  0.9133 0.9511
 0.9997]
========== CV ==========
Score: 0.9697  Scores: [0.9811 0.9808 0.9954 0.9415 0.9669 0.9908 0.9934 0.953  0.9133 0.9511
 0.9997]
